2026-02-02 14:44:17 | ERROR    | water_balance.errors | error:427 | Failed to list flow sheets: [Errno 13] Permission denied: 'C:\\Users\\Caliphs Zvinowanda\\OneDrive\\Desktop\\Water_Balance_TimeSeries_Template.xlsx'
2026-02-02 14:44:36 | ERROR    | water_balance.errors | error:427 | Failed to list flow sheets: [Errno 13] Permission denied: 'C:\\Users\\Caliphs Zvinowanda\\OneDrive\\Desktop\\Water_Balance_TimeSeries_Template.xlsx'
2026-02-03 11:53:29 | ERROR    | water_balance.errors | error:427 | Column 'BH_to_Sump' not found in sheet 'Flows_Test'
2026-02-03 11:53:29 | ERROR    | water_balance.errors | error:427 | Column 'Sump_to_Plant' not found in sheet 'Flows_Test'
2026-02-03 11:53:29 | ERROR    | water_balance.errors | error:427 | Column 'NonExistent' not found in sheet 'Flows_Test'
2026-02-03 11:53:29 | ERROR    | water_balance.errors | error:427 | Column 'NonExistent' not found in sheet 'Flows_Test'
2026-02-03 11:53:29 | ERROR    | water_balance.errors | error:427 | Column 'BH_to_Sump' not found in sheet 'Flows_Test'
2026-02-03 11:55:24 | ERROR    | water_balance.errors | error:427 | Column 'NonExistent' not found in sheet 'Flows_Test'
2026-02-03 11:55:24 | ERROR    | water_balance.errors | error:427 | Column 'NonExistent' not found in sheet 'Flows_Test'
2026-02-03 11:55:24 | ERROR    | water_balance.errors | error:427 | Column 'Sump_to_Plant' already exists in sheet 'Flows_Test'
2026-02-03 11:56:27 | ERROR    | water_balance.errors | error:427 | Column 'NonExistent' not found in sheet 'Flows_Test'
2026-02-03 11:56:27 | ERROR    | water_balance.errors | error:427 | Column 'NonExistent' not found in sheet 'Flows_Test'
2026-02-03 11:56:27 | ERROR    | water_balance.errors | error:427 | Column 'Sump_to_Plant' already exists in sheet 'Flows_Test'
2026-02-03 11:59:04 | ERROR    | water_balance.errors | error:427 | Column 'NonExistent' not found in sheet 'Flows_Test'
2026-02-03 11:59:04 | ERROR    | water_balance.errors | error:427 | Column 'NonExistent' not found in sheet 'Flows_Test'
2026-02-03 11:59:04 | ERROR    | water_balance.errors | error:427 | Column 'Sump_to_Plant' already exists in sheet 'Flows_Test'
2026-02-03 11:59:05 | ERROR    | water_balance.errors | error:427 | Column 'Sample_Flow_1' not found in sheet 'Flows_Test'
2026-02-03 11:59:05 | ERROR    | water_balance.errors | error:427 | Column 'Sample_Flow_1' not found in sheet 'Flows_Test'
2026-02-03 11:59:55 | ERROR    | water_balance.errors | error:427 | Column 'NonExistent' not found in sheet 'Flows_Test'
2026-02-03 11:59:55 | ERROR    | water_balance.errors | error:427 | Column 'NonExistent' not found in sheet 'Flows_Test'
2026-02-03 11:59:55 | ERROR    | water_balance.errors | error:427 | Column 'Sump_to_Plant' already exists in sheet 'Flows_Test'
2026-02-03 12:03:53 | ERROR    | water_balance.errors | error:427 | Column 'NonExistent' not found in sheet 'Flows_Test'
2026-02-03 12:03:53 | ERROR    | water_balance.errors | error:427 | Column 'NonExistent' not found in sheet 'Flows_Test'
2026-02-03 12:03:53 | ERROR    | water_balance.errors | error:427 | Column 'Sump_to_Plant' already exists in sheet 'Flows_Test'
2026-02-05 00:21:40 | ERROR    | water_balance.errors | error:427 | Failed to setup system tray: 'PySide6.QtWidgets.QSystemTrayIcon' object has no attribute 'style'
2026-02-05 01:16:39 | ERROR    | water_balance.errors | error:427 | Failed to load notifications: 'NotificationService' object has no attribute 'get_cached_notifications'
2026-02-05 01:38:30 | ERROR    | water_balance.errors | error:427 | Failed to load notifications: 'NotificationService' object has no attribute 'get_cached_notifications'
2026-02-05 03:20:20 | ERROR    | water_balance.errors | error:427 | Failed to handle notification click: Internal C++ object (PySide6.QtWidgets.QLabel) already deleted.
2026-02-05 17:01:43 | ERROR    | water_balance.errors | error:427 | Failed to load Storage Facilities page on demand
Traceback (most recent call last):
  File "D:\Projects\dashboard_waterbalance\src\ui\main_window.py", line 789, in _ensure_storage_facilities_page
    storage_facilities_page = StorageFacilitiesPage()
  File "D:\Projects\dashboard_waterbalance\src\ui\dashboards\storage_facilities_dashboard.py", line 175, in __init__
    self.ui.add_facility_button.clicked.connect(self._on_add_facility)
                                                ^^^^^^^^^^^^^^^^^^^^^
AttributeError: 'StorageFacilitiesPage' object has no attribute '_on_add_facility'. Did you mean: '_on_edit_facility'?
2026-02-05 17:01:45 | ERROR    | water_balance.errors | error:427 | Failed to load Storage Facilities page on demand
Traceback (most recent call last):
  File "D:\Projects\dashboard_waterbalance\src\ui\main_window.py", line 789, in _ensure_storage_facilities_page
    storage_facilities_page = StorageFacilitiesPage()
  File "D:\Projects\dashboard_waterbalance\src\ui\dashboards\storage_facilities_dashboard.py", line 175, in __init__
    self.ui.add_facility_button.clicked.connect(self._on_add_facility)
                                                ^^^^^^^^^^^^^^^^^^^^^
AttributeError: 'StorageFacilitiesPage' object has no attribute '_on_add_facility'. Did you mean: '_on_edit_facility'?
2026-02-05 17:01:48 | ERROR    | water_balance.errors | error:427 | Failed to load Storage Facilities page on demand
Traceback (most recent call last):
  File "D:\Projects\dashboard_waterbalance\src\ui\main_window.py", line 789, in _ensure_storage_facilities_page
    storage_facilities_page = StorageFacilitiesPage()
  File "D:\Projects\dashboard_waterbalance\src\ui\dashboards\storage_facilities_dashboard.py", line 175, in __init__
    self.ui.add_facility_button.clicked.connect(self._on_add_facility)
                                                ^^^^^^^^^^^^^^^^^^^^^
AttributeError: 'StorageFacilitiesPage' object has no attribute '_on_add_facility'. Did you mean: '_on_edit_facility'?
2026-02-05 17:01:49 | ERROR    | water_balance.errors | error:427 | Failed to load Storage Facilities page on demand
Traceback (most recent call last):
  File "D:\Projects\dashboard_waterbalance\src\ui\main_window.py", line 789, in _ensure_storage_facilities_page
    storage_facilities_page = StorageFacilitiesPage()
  File "D:\Projects\dashboard_waterbalance\src\ui\dashboards\storage_facilities_dashboard.py", line 175, in __init__
    self.ui.add_facility_button.clicked.connect(self._on_add_facility)
                                                ^^^^^^^^^^^^^^^^^^^^^
AttributeError: 'StorageFacilitiesPage' object has no attribute '_on_add_facility'. Did you mean: '_on_edit_facility'?
2026-02-11 21:53:44 | ERROR    | water_balance.errors | error:437 | Uncaught exception
Traceback (most recent call last):
  File "D:\Projects\dashboard_waterbalance\src\ui\main_window.py", line 787, in _toggle_sidebar
    if self._sidebar_anim_group.state() == self._sidebar_anim_group.Running:
                                           ^^^^^^^^^^^^^^^^^^^^^^^^^^^^^^^^
AttributeError: 'PySide6.QtCore.QParallelAnimationGroup' object has no attribute 'Running'
2026-02-11 21:53:46 | ERROR    | water_balance.errors | error:437 | Uncaught exception
Traceback (most recent call last):
  File "D:\Projects\dashboard_waterbalance\src\ui\main_window.py", line 787, in _toggle_sidebar
    if self._sidebar_anim_group.state() == self._sidebar_anim_group.Running:
                                           ^^^^^^^^^^^^^^^^^^^^^^^^^^^^^^^^
AttributeError: 'PySide6.QtCore.QParallelAnimationGroup' object has no attribute 'Running'
2026-02-12 00:09:29 | ERROR    | water_balance.errors | error:437 | Uncaught exception
Traceback (most recent call last):
  File "D:\Projects\dashboard_waterbalance\src\main.py", line 282, in <module>
    main()
    ~~~~^^
  File "D:\Projects\dashboard_waterbalance\src\main.py", line 251, in main
    window = MainWindow(splash)  # Pass splash to update progress
  File "D:\Projects\dashboard_waterbalance\src\ui\main_window.py", line 86, in __init__
    self._mount_pages()
    ~~~~~~~~~~~~~~~~~^^
  File "D:\Projects\dashboard_waterbalance\src\ui\main_window.py", line 777, in _mount_pages
    self._messages_page = MessagesPage()
                          ~~~~~~~~~~~~^^
  File "D:\Projects\dashboard_waterbalance\src\ui\dashboards\messages_dashboard.py", line 370, in __init__
    self._setup_ui()
    ~~~~~~~~~~~~~~^^
  File "D:\Projects\dashboard_waterbalance\src\ui\dashboards\messages_dashboard.py", line 388, in _setup_ui
    tab_bar = self._create_tab_bar()
  File "D:\Projects\dashboard_waterbalance\src\ui\dashboards\messages_dashboard.py", line 547, in _create_tab_bar
    self._switch_tab(0)
    ~~~~~~~~~~~~~~~~^^^
  File "D:\Projects\dashboard_waterbalance\src\ui\dashboards\messages_dashboard.py", line 1166, in _switch_tab
    self.content_stack.setCurrentIndex(index)
    ^^^^^^^^^^^^^^^^^^
AttributeError: 'MessagesPage' object has no attribute 'content_stack'. Did you mean: 'contentsRect'?
2026-02-12 16:30:30 | ERROR    | water_balance.errors | error:437 | ERROR: This is an error (console + file)
